  Final_Convex_Hullcpp.cpp
c:\users\tfarg\documents\github\convex-hull\convex_hull_project\convex_hull_project\final_convex_hullcpp.cpp(54): warning C4244: 'argument': conversion from 'int' to 'T', possible loss of data
          with
          [
              T=float
          ]
c:\users\tfarg\documents\github\convex-hull\convex_hull_project\convex_hull_project\final_convex_hullcpp.cpp(92): warning C4305: '-=': truncation from 'double' to 'float'
c:\users\tfarg\documents\github\convex-hull\convex_hull_project\convex_hull_project\final_convex_hullcpp.cpp(102): warning C4305: '+=': truncation from 'double' to 'float'
c:\users\tfarg\documents\github\convex-hull\convex_hull_project\convex_hull_project\final_convex_hullcpp.cpp(129): warning C4244: 'argument': conversion from 'int' to 'float', possible loss of data
c:\users\tfarg\documents\github\convex-hull\convex_hull_project\convex_hull_project\final_convex_hullcpp.cpp(130): warning C4244: 'argument': conversion from 'int' to 'float', possible loss of data
c:\users\tfarg\documents\github\convex-hull\convex_hull_project\convex_hull_project\final_convex_hullcpp.cpp(135): warning C4018: '<': signed/unsigned mismatch
c:\users\tfarg\documents\github\convex-hull\convex_hull_project\convex_hull_project\final_convex_hullcpp.cpp(152): warning C4018: '<': signed/unsigned mismatch
c:\users\tfarg\documents\github\convex-hull\convex_hull_project\convex_hull_project\final_convex_hullcpp.cpp(160): warning C4244: 'argument': conversion from 'int' to 'float', possible loss of data
c:\users\tfarg\documents\github\convex-hull\convex_hull_project\convex_hull_project\final_convex_hullcpp.cpp(170): warning C4018: '<': signed/unsigned mismatch
c:\users\tfarg\documents\github\convex-hull\convex_hull_project\convex_hull_project\final_convex_hullcpp.cpp(197): warning C4018: '<': signed/unsigned mismatch
c:\users\tfarg\documents\github\convex-hull\convex_hull_project\convex_hull_project\final_convex_hullcpp.cpp(205): warning C4244: 'initializing': conversion from 'double' to 'int', possible loss of data
c:\users\tfarg\documents\github\convex-hull\convex_hull_project\convex_hull_project\final_convex_hullcpp.cpp(218): warning C4018: '<': signed/unsigned mismatch
c:\users\tfarg\documents\github\convex-hull\convex_hull_project\convex_hull_project\final_convex_hullcpp.cpp(239): warning C4018: '<': signed/unsigned mismatch
c:\users\tfarg\documents\github\convex-hull\convex_hull_project\convex_hull_project\final_convex_hullcpp.cpp(299): warning C4018: '<': signed/unsigned mismatch
c:\users\tfarg\documents\github\convex-hull\convex_hull_project\convex_hull_project\final_convex_hullcpp.cpp(304): warning C4018: '<': signed/unsigned mismatch
c:\users\tfarg\documents\github\convex-hull\convex_hull_project\convex_hull_project\final_convex_hullcpp.cpp(346): warning C4018: '<': signed/unsigned mismatch
  LINK : C:\Users\tfarg\Documents\GitHub\Convex-Hull\Convex_Hull_project\Debug\Convex_Hull_project.exe not found or not built by the last incremental link; performing full link
  Convex_Hull_project.vcxproj -> C:\Users\tfarg\Documents\GitHub\Convex-Hull\Convex_Hull_project\Debug\Convex_Hull_project.exe
